<?xml version="1.0" encoding="UTF-8"?>
<testsuite xmlns:xsi="http://www.w3.org/2001/XMLSchema-instance" xsi:noNamespaceSchemaLocation="https://maven.apache.org/surefire/maven-surefire-plugin/xsd/surefire-test-report.xsd" name="MyMoneyTest" time="0.331" tests="30" errors="0" skipped="0" failures="0">
  <properties>
[...]
</properties>
  <testcase name="testS2Arrays" classname="MyMoneyTest" time="0.027"/>
  <testcase name="testConstructor1CashValues{double}[1]" classname="MyMoneyTest" time="0.032"/>
  <testcase name="testConstructor1CashValues{double}[2]" classname="MyMoneyTest" time="0"/>
  <testcase name="testConstructor1CashValues{double}[3]" classname="MyMoneyTest" time="0.003"/>
  <testcase name="testConstructor1CashValues{double}[4]" classname="MyMoneyTest" time="0.001"/>
  <testcase name="testConstructor1CashValues{double}[5]" classname="MyMoneyTest" time="0"/>
  <testcase name="testConstructor1CashValues{double}[6]" classname="MyMoneyTest" time="0.004"/>
  <testcase name="testConstructor1CashValues{double}[7]" classname="MyMoneyTest" time="0.003"/>
  <testcase name="testConstructor1CashValues{double}[8]" classname="MyMoneyTest" time="0"/>
  <testcase name="testConstructor2InterestValues" classname="MyMoneyTest" time="0"/>
  <testcase name="lumpSum_ConstantRate_1" classname="MyMoneyTest" time="0"/>
  <testcase name="lumpSum_ConstantRate_2" classname="MyMoneyTest" time="0"/>
  <testcase name="compoundSavings_sameContribution_1" classname="MyMoneyTest" time="0"/>
  <testcase name="compoundSavings_sameContribution_2" classname="MyMoneyTest" time="0"/>
  <testcase name="testS3CashArray" classname="MyMoneyTest" time="0"/>
  <testcase name="testS3InterestArray" classname="MyMoneyTest" time="0"/>
  <testcase name="compoundSavings_variableContribution_1" classname="MyMoneyTest" time="0"/>
  <testcase name="compoundSavings_variableContribution_2" classname="MyMoneyTest" time="0"/>
  <testcase name="testConstructor2CashValues{double}[1]" classname="MyMoneyTest" time="0"/>
  <testcase name="testConstructor2CashValues{double}[2]" classname="MyMoneyTest" time="0.002"/>
  <testcase name="testConstructor2CashValues{double}[3]" classname="MyMoneyTest" time="0"/>
  <testcase name="testConstructor2CashValues{double}[4]" classname="MyMoneyTest" time="0"/>
  <testcase name="testConstructor2CashValues{double}[5]" classname="MyMoneyTest" time="0.005"/>
  <testcase name="testConstructor2CashValues{double}[6]" classname="MyMoneyTest" time="0.004"/>
  <testcase name="testConstructor2CashValues{double}[7]" classname="MyMoneyTest" time="0.008"/>
  <testcase name="testConstructor2CashValues{double}[8]" classname="MyMoneyTest" time="0"/>
  <testcase name="testS1Arrays" classname="MyMoneyTest" time="0"/>
  <testcase name="lumpSum_VariableRate_1" classname="MyMoneyTest" time="0"/>
  <testcase name="lumpSum_VariableRate_2" classname="MyMoneyTest" time="0"/>
  <testcase name="testConstructor1InterestValues" classname="MyMoneyTest" time="0"/>
</testsuite>