<?xml version="1.0" encoding="UTF-8"?>
<testsuite xmlns:xsi="http://www.w3.org/2001/XMLSchema-instance" xsi:noNamespaceSchemaLocation="https://maven.apache.org/surefire/maven-surefire-plugin/xsd/surefire-test-report.xsd" name="SavingsMethodTest" time="0.025" tests="8" errors="0" skipped="0" failures="0">
  <properties>
[...]
</properties>
  <testcase name="futureValueLumpSumTest_1" classname="SavingsMethodTest" time="0"/>
  <testcase name="futureValueLumpSumTest_2" classname="SavingsMethodTest" time="0"/>
  <testcase name="compoundSavingsConstant_1" classname="SavingsMethodTest" time="0.001"/>
  <testcase name="compoundSavingsConstant_2" classname="SavingsMethodTest" time="0"/>
  <testcase name="futureValueLS_VariableInterest_1" classname="SavingsMethodTest" time="0"/>
  <testcase name="futureValueLS_VariableInterest_2" classname="SavingsMethodTest" time="0"/>
  <testcase name="compoundSavingsVariable_1" classname="SavingsMethodTest" time="0"/>
  <testcase name="compoundSavingsVariable_2" classname="SavingsMethodTest" time="0"/>
</testsuite>